<?xml version="1.0" encoding="UTF-8" ?>
<testsuite tests="1" failures="0" name="com.gs.leaf.MybatisMapperTest" time="0.01" errors="1" skipped="0">
  <properties>
[...]
</properties>
  <testcase classname="com.gs.leaf.MybatisMapperTest" name="insertAndSelect" time="0.01">
    <error message="Error creating bean with name &apos;com.gs.leaf.MybatisMapperTest&apos;: Injection of autowired dependencies failed; nested exception is org.springframework.beans.factory.BeanCreationException: Could not autowire field: private com.gs.leaf.mapper.UserMapper com.gs.leaf.MybatisMapperTest.userMapper; nested exception is org.springframework.beans.factory.NoSuchBeanDefinitionException: No qualifying bean of type [com.gs.leaf.mapper.UserMapper] found for dependency: expected at least 1 bean which qualifies as autowire candidate for this dependency. Dependency annotations: {@org.springframework.beans.factory.annotation.Autowired(required=true)}" type="org.springframework.beans.factory.BeanCreationException">org.springframework.beans.factory.BeanCreationException: Error creating bean with name &apos;com.gs.leaf.MybatisMapperTest&apos;: Injection of autowired dependencies failed; nested exception is org.springframework.beans.factory.BeanCreationException: Could not autowire field: private com.gs.leaf.mapper.UserMapper com.gs.leaf.MybatisMapperTest.userMapper; nested exception is org.springframework.beans.factory.NoSuchBeanDefinitionException: No qualifying bean of type [com.gs.leaf.mapper.UserMapper] found for dependency: expected at least 1 bean which qualifies as autowire candidate for this dependency. Dependency annotations: {@org.springframework.beans.factory.annotation.Autowired(required=true)}
	at org.springframework.beans.factory.annotation.AutowiredAnnotationBeanPostProcessor.postProcessPropertyValues(AutowiredAnnotationBeanPostProcessor.java:334)
	at org.springframework.beans.factory.support.AbstractAutowireCapableBeanFactory.populateBean(AbstractAutowireCapableBeanFactory.java:1214)
	at org.springframework.beans.factory.support.AbstractAutowireCapableBeanFactory.autowireBeanProperties(AbstractAutowireCapableBeanFactory.java:385)
	at org.springframework.test.context.support.DependencyInjectionTestExecutionListener.injectDependencies(DependencyInjectionTestExecutionListener.java:118)
	at org.springframework.test.context.support.DependencyInjectionTestExecutionListener.prepareTestInstance(DependencyInjectionTestExecutionListener.java:83)
	at org.springframework.test.context.TestContextManager.prepareTestInstance(TestContextManager.java:228)
	at org.springframework.test.context.junit4.SpringJUnit4ClassRunner.createTest(SpringJUnit4ClassRunner.java:230)
	at org.springframework.test.context.junit4.SpringJUnit4ClassRunner$1.runReflectiveCall(SpringJUnit4ClassRunner.java:289)
	at org.junit.internal.runners.model.ReflectiveCallable.run(ReflectiveCallable.java:12)
	at org.springframework.test.context.junit4.SpringJUnit4ClassRunner.methodBlock(SpringJUnit4ClassRunner.java:291)
	at org.springframework.test.context.junit4.SpringJUnit4ClassRunner.runChild(SpringJUnit4ClassRunner.java:249)
	at org.springframework.test.context.junit4.SpringJUnit4ClassRunner.runChild(SpringJUnit4ClassRunner.java:89)
	at org.junit.runners.ParentRunner$3.run(ParentRunner.java:290)
	at org.junit.runners.ParentRunner$1.schedule(ParentRunner.java:71)
	at org.junit.runners.ParentRunner.runChildren(ParentRunner.java:288)
	at org.junit.runners.ParentRunner.access$000(ParentRunner.java:58)
	at org.junit.runners.ParentRunner$2.evaluate(ParentRunner.java:268)
	at org.springframework.test.context.junit4.statements.RunBeforeTestClassCallbacks.evaluate(RunBeforeTestClassCallbacks.java:61)
	at org.springframework.test.context.junit4.statements.RunAfterTestClassCallbacks.evaluate(RunAfterTestClassCallbacks.java:70)
	at org.junit.runners.ParentRunner.run(ParentRunner.java:363)
	at org.springframework.test.context.junit4.SpringJUnit4ClassRunner.run(SpringJUnit4ClassRunner.java:193)
	at org.apache.maven.surefire.junit4.JUnit4Provider.execute(JUnit4Provider.java:252)
	at org.apache.maven.surefire.junit4.JUnit4Provider.executeTestSet(JUnit4Provider.java:141)
	at org.apache.maven.surefire.junit4.JUnit4Provider.invoke(JUnit4Provider.java:112)
	at sun.reflect.NativeMethodAccessorImpl.invoke0(Native Method)
	at sun.reflect.NativeMethodAccessorImpl.invoke(NativeMethodAccessorImpl.java:62)
	at sun.reflect.DelegatingMethodAccessorImpl.invoke(DelegatingMethodAccessorImpl.java:43)
	at java.lang.reflect.Method.invoke(Method.java:498)
	at org.apache.maven.surefire.util.ReflectionUtils.invokeMethodWithArray(ReflectionUtils.java:189)
	at org.apache.maven.surefire.booter.ProviderFactory$ProviderProxy.invoke(ProviderFactory.java:165)
	at org.apache.maven.surefire.booter.ProviderFactory.invokeProvider(ProviderFactory.java:85)
	at org.apache.maven.surefire.booter.ForkedBooter.runSuitesInProcess(ForkedBooter.java:115)
	at org.apache.maven.surefire.booter.ForkedBooter.main(ForkedBooter.java:75)
Caused by: org.springframework.beans.factory.BeanCreationException: Could not autowire field: private com.gs.leaf.mapper.UserMapper com.gs.leaf.MybatisMapperTest.userMapper; nested exception is org.springframework.beans.factory.NoSuchBeanDefinitionException: No qualifying bean of type [com.gs.leaf.mapper.UserMapper] found for dependency: expected at least 1 bean which qualifies as autowire candidate for this dependency. Dependency annotations: {@org.springframework.beans.factory.annotation.Autowired(required=true)}
	at org.springframework.beans.factory.annotation.AutowiredAnnotationBeanPostProcessor$AutowiredFieldElement.inject(AutowiredAnnotationBeanPostProcessor.java:573)
	at org.springframework.beans.factory.annotation.InjectionMetadata.inject(InjectionMetadata.java:88)
	at org.springframework.beans.factory.annotation.AutowiredAnnotationBeanPostProcessor.postProcessPropertyValues(AutowiredAnnotationBeanPostProcessor.java:331)
	... 32 more
Caused by: org.springframework.beans.factory.NoSuchBeanDefinitionException: No qualifying bean of type [com.gs.leaf.mapper.UserMapper] found for dependency: expected at least 1 bean which qualifies as autowire candidate for this dependency. Dependency annotations: {@org.springframework.beans.factory.annotation.Autowired(required=true)}
	at org.springframework.beans.factory.support.DefaultListableBeanFactory.raiseNoSuchBeanDefinitionException(DefaultListableBeanFactory.java:1373)
	at org.springframework.beans.factory.support.DefaultListableBeanFactory.doResolveDependency(DefaultListableBeanFactory.java:1119)
	at org.springframework.beans.factory.support.DefaultListableBeanFactory.resolveDependency(DefaultListableBeanFactory.java:1014)
	at org.springframework.beans.factory.annotation.AutowiredAnnotationBeanPostProcessor$AutowiredFieldElement.inject(AutowiredAnnotationBeanPostProcessor.java:545)
	... 34 more
</error>
    <system-out>2018-06-02 12:49:05,580 -[DEBUG]  method:[org.springframework.test.context.junit4.SpringJUnit4ClassRunner (0ms)] - SpringJUnit4ClassRunner constructor called with [class com.gs.leaf.MybatisMapperTest]
2018-06-02 12:49:05,580 -[DEBUG]  method:[org.springframework.test.context.BootstrapUtils (0ms)] - Instantiating CacheAwareContextLoaderDelegate from class [org.springframework.test.context.cache.DefaultCacheAwareContextLoaderDelegate]
2018-06-02 12:49:05,590 -[DEBUG]  method:[org.springframework.test.context.BootstrapUtils (10ms)] - Instantiating BootstrapContext using constructor [public org.springframework.test.context.support.DefaultBootstrapContext(java.lang.Class,org.springframework.test.context.CacheAwareContextLoaderDelegate)]
2018-06-02 12:49:05,600 -[DEBUG]  method:[org.springframework.test.context.BootstrapUtils (20ms)] - Instantiating TestContextBootstrapper for test class [com.gs.leaf.MybatisMapperTest] from class [org.springframework.test.context.support.DefaultTestContextBootstrapper]
2018-06-02 12:49:05,610 -[DEBUG]  method:[org.springframework.test.context.support.AbstractDelegatingSmartContextLoader (30ms)] - Delegating to GenericXmlContextLoader to process context configuration [ContextConfigurationAttributes@2a2d45ba declaringClass = &apos;com.gs.leaf.MybatisMapperTest&apos;, classes = &apos;{}&apos;, locations = &apos;{classpath:applicationContext-dao.xml}&apos;, inheritLocations = true, initializers = &apos;{}&apos;, inheritInitializers = true, name = [null], contextLoaderClass = &apos;org.springframework.test.context.ContextLoader&apos;].
2018-06-02 12:49:05,620 -[DEBUG]  method:[org.springframework.test.context.support.ActiveProfilesUtils (40ms)] - Could not find an &apos;annotation declaring class&apos; for annotation type [org.springframework.test.context.ActiveProfiles] and class [com.gs.leaf.MybatisMapperTest]
2018-06-02 12:49:05,620 -[DEBUG]  method:[org.springframework.test.context.support.DefaultTestContextBootstrapper (40ms)] - @TestExecutionListeners is not present for class [com.gs.leaf.MybatisMapperTest]: using defaults.
2018-06-02 12:49:05,630 -[INFO]  method:[org.springframework.test.context.support.DefaultTestContextBootstrapper (50ms)] - Loaded default TestExecutionListener class names from location [META-INF/spring.factories]: [org.springframework.test.context.web.ServletTestExecutionListener, org.springframework.test.context.support.DirtiesContextBeforeModesTestExecutionListener, org.springframework.test.context.support.DependencyInjectionTestExecutionListener, org.springframework.test.context.support.DirtiesContextTestExecutionListener, org.springframework.test.context.transaction.TransactionalTestExecutionListener, org.springframework.test.context.jdbc.SqlScriptsTestExecutionListener]
2018-06-02 12:49:05,640 -[INFO]  method:[org.springframework.test.context.support.DefaultTestContextBootstrapper (60ms)] - Using TestExecutionListeners: [org.springframework.test.context.web.ServletTestExecutionListener@192b07fd, org.springframework.test.context.support.DirtiesContextBeforeModesTestExecutionListener@64bfbc86, org.springframework.test.context.support.DependencyInjectionTestExecutionListener@64bf3bbf, org.springframework.test.context.support.DirtiesContextTestExecutionListener@55d56113, org.springframework.test.context.transaction.TransactionalTestExecutionListener@148080bb, org.springframework.test.context.jdbc.SqlScriptsTestExecutionListener@dc24521]
2018-06-02 12:49:05,640 -[DEBUG]  method:[org.springframework.test.annotation.ProfileValueUtils (60ms)] - Retrieved @ProfileValueSourceConfiguration [null] for test class [com.gs.leaf.MybatisMapperTest]
2018-06-02 12:49:05,650 -[DEBUG]  method:[org.springframework.test.annotation.ProfileValueUtils (70ms)] - Retrieved ProfileValueSource type [class org.springframework.test.annotation.SystemProfileValueSource] for class [com.gs.leaf.MybatisMapperTest]
2018-06-02 12:49:05,650 -[DEBUG]  method:[org.springframework.test.annotation.ProfileValueUtils (70ms)] - Retrieved @ProfileValueSourceConfiguration [null] for test class [com.gs.leaf.MybatisMapperTest]
2018-06-02 12:49:05,650 -[DEBUG]  method:[org.springframework.test.annotation.ProfileValueUtils (70ms)] - Retrieved ProfileValueSource type [class org.springframework.test.annotation.SystemProfileValueSource] for class [com.gs.leaf.MybatisMapperTest]
2018-06-02 12:49:05,650 -[DEBUG]  method:[org.springframework.test.context.support.AbstractDirtiesContextTestExecutionListener (70ms)] - Before test class: context [DefaultTestContext@5383967b testClass = MybatisMapperTest, testInstance = [null], testMethod = [null], testException = [null], mergedContextConfiguration = [MergedContextConfiguration@2ac273d3 testClass = MybatisMapperTest, locations = &apos;{classpath:applicationContext-dao.xml}&apos;, classes = &apos;{}&apos;, contextInitializerClasses = &apos;[]&apos;, activeProfiles = &apos;{}&apos;, propertySourceLocations = &apos;{}&apos;, propertySourceProperties = &apos;{}&apos;, contextLoader = &apos;org.springframework.test.context.support.DelegatingSmartContextLoader&apos;, parent = [null]]], class annotated with @DirtiesContext [false] with mode [null].
2018-06-02 12:49:05,650 -[DEBUG]  method:[org.springframework.test.annotation.ProfileValueUtils (70ms)] - Retrieved @ProfileValueSourceConfiguration [null] for test class [com.gs.leaf.MybatisMapperTest]
2018-06-02 12:49:05,660 -[DEBUG]  method:[org.springframework.test.annotation.ProfileValueUtils (80ms)] - Retrieved ProfileValueSource type [class org.springframework.test.annotation.SystemProfileValueSource] for class [com.gs.leaf.MybatisMapperTest]
2018-06-02 12:49:05,660 -[DEBUG]  method:[org.springframework.test.context.support.DependencyInjectionTestExecutionListener (80ms)] - Performing dependency injection for test context [[DefaultTestContext@5383967b testClass = MybatisMapperTest, testInstance = com.gs.leaf.MybatisMapperTest@6536e911, testMethod = [null], testException = [null], mergedContextConfiguration = [MergedContextConfiguration@2ac273d3 testClass = MybatisMapperTest, locations = &apos;{classpath:applicationContext-dao.xml}&apos;, classes = &apos;{}&apos;, contextInitializerClasses = &apos;[]&apos;, activeProfiles = &apos;{}&apos;, propertySourceLocations = &apos;{}&apos;, propertySourceProperties = &apos;{}&apos;, contextLoader = &apos;org.springframework.test.context.support.DelegatingSmartContextLoader&apos;, parent = [null]]]].
2018-06-02 12:49:05,660 -[DEBUG]  method:[org.springframework.test.context.support.AbstractDelegatingSmartContextLoader (80ms)] - Delegating to GenericXmlContextLoader to load context from [MergedContextConfiguration@2ac273d3 testClass = MybatisMapperTest, locations = &apos;{classpath:applicationContext-dao.xml}&apos;, classes = &apos;{}&apos;, contextInitializerClasses = &apos;[]&apos;, activeProfiles = &apos;{}&apos;, propertySourceLocations = &apos;{}&apos;, propertySourceProperties = &apos;{}&apos;, contextLoader = &apos;org.springframework.test.context.support.DelegatingSmartContextLoader&apos;, parent = [null]].
2018-06-02 12:49:05,660 -[DEBUG]  method:[org.springframework.test.context.support.AbstractGenericContextLoader (80ms)] - Loading ApplicationContext for merged context configuration [[MergedContextConfiguration@2ac273d3 testClass = MybatisMapperTest, locations = &apos;{classpath:applicationContext-dao.xml}&apos;, classes = &apos;{}&apos;, contextInitializerClasses = &apos;[]&apos;, activeProfiles = &apos;{}&apos;, propertySourceLocations = &apos;{}&apos;, propertySourceProperties = &apos;{}&apos;, contextLoader = &apos;org.springframework.test.context.support.DelegatingSmartContextLoader&apos;, parent = [null]]].
2018-06-02 12:49:05,720 -[DEBUG]  method:[org.springframework.core.env.StandardEnvironment (140ms)] - Adding [systemProperties] PropertySource with lowest search precedence
2018-06-02 12:49:05,720 -[DEBUG]  method:[org.springframework.core.env.StandardEnvironment (140ms)] - Adding [systemEnvironment] PropertySource with lowest search precedence
2018-06-02 12:49:05,720 -[DEBUG]  method:[org.springframework.core.env.StandardEnvironment (140ms)] - Initialized StandardEnvironment with PropertySources [systemProperties,systemEnvironment]
2018-06-02 12:49:05,730 -[INFO]  method:[org.springframework.beans.factory.xml.XmlBeanDefinitionReader (150ms)] - Loading XML bean definitions from class path resource [applicationContext-dao.xml]
2018-06-02 12:49:05,740 -[DEBUG]  method:[org.springframework.beans.factory.xml.DefaultDocumentLoader (160ms)] - Using JAXP provider [com.sun.org.apache.xerces.internal.jaxp.DocumentBuilderFactoryImpl]
2018-06-02 12:49:05,770 -[DEBUG]  method:[org.springframework.beans.factory.xml.PluggableSchemaResolver (190ms)] - Loading schema mappings from [META-INF/spring.schemas]
2018-06-02 12:49:05,770 -[DEBUG]  method:[org.springframework.beans.factory.xml.PluggableSchemaResolver (190ms)] - Loaded schema mappings: {http://www.springframework.org/schema/tx/spring-tx-2.5.xsd=org/springframework/transaction/config/spring-tx-2.5.xsd, http://www.springframework.org/schema/cache/spring-cache-4.2.xsd=org/springframework/cache/config/spring-cache-4.2.xsd, http://www.springframework.org/schema/aop/spring-aop-4.1.xsd=org/springframework/aop/config/spring-aop-4.1.xsd, http://www.springframework.org/schema/context/spring-context-3.1.xsd=org/springframework/context/config/spring-context-3.1.xsd, http://www.springframework.org/schema/jdbc/spring-jdbc-4.1.xsd=org/springframework/jdbc/config/spring-jdbc-4.1.xsd, http://www.springframework.org/schema/mvc/spring-mvc-4.1.xsd=org/springframework/web/servlet/config/spring-mvc-4.1.xsd, http://www.springframework.org/schema/util/spring-util-3.0.xsd=org/springframework/beans/factory/xml/spring-util-3.0.xsd, http://mybatis.org/schema/mybatis-spring-1.2.xsd=org/mybatis/spring/config/mybatis-spring-1.2.xsd, http://www.springframework.org/schema/aop/spring-aop-3.2.xsd=org/springframework/aop/config/spring-aop-3.2.xsd, http://www.springframework.org/schema/tool/spring-tool.xsd=org/springframework/beans/factory/xml/spring-tool-4.2.xsd, http://www.springframework.org/schema/lang/spring-lang-4.1.xsd=org/springframework/scripting/config/spring-lang-4.1.xsd, http://www.springframework.org/schema/context/spring-context-4.0.xsd=org/springframework/context/config/spring-context-4.0.xsd, http://www.springframework.org/schema/mvc/spring-mvc-3.2.xsd=org/springframework/web/servlet/config/spring-mvc-3.2.xsd, http://www.springframework.org/schema/beans/spring-beans-4.2.xsd=org/springframework/beans/factory/xml/spring-beans-4.2.xsd, http://www.springframework.org/schema/tool/spring-tool-4.1.xsd=org/springframework/beans/factory/xml/spring-tool-4.1.xsd, http://www.springframework.org/schema/lang/spring-lang-3.2.xsd=org/springframework/scripting/config/spring-lang-3.2.xsd, http://www.springframework.org/schema/cache/spring-cache-3.2.xsd=org/springframework/cache/config/spring-cache-3.2.xsd, http://www.springframework.org/schema/jee/spring-jee-4.1.xsd=org/springframework/ejb/config/spring-jee-4.1.xsd, http://www.springframework.org/schema/jdbc/spring-jdbc-3.1.xsd=org/springframework/jdbc/config/spring-jdbc-3.1.xsd, http://www.springframework.org/schema/util/spring-util-2.0.xsd=org/springframework/beans/factory/xml/spring-util-2.0.xsd, http://www.springframework.org/schema/task/spring-task-4.2.xsd=org/springframework/scheduling/config/spring-task-4.2.xsd, http://www.springframework.org/schema/tool/spring-tool-3.2.xsd=org/springframework/beans/factory/xml/spring-tool-3.2.xsd, http://www.springframework.org/schema/context/spring-context.xsd=org/springframework/context/config/spring-context-4.2.xsd, http://www.springframework.org/schema/tx/spring-tx-4.2.xsd=org/springframework/transaction/config/spring-tx-4.2.xsd, http://www.springframework.org/schema/cache/spring-cache-4.1.xsd=org/springframework/cache/config/spring-cache-4.1.xsd, http://www.springframework.org/schema/aop/spring-aop-4.0.xsd=org/springframework/aop/config/spring-aop-4.0.xsd, http://www.springframework.org/schema/jee/spring-jee-3.2.xsd=org/springframework/ejb/config/spring-jee-3.2.xsd, http://www.springframework.org/schema/context/spring-context-3.0.xsd=org/springframework/context/config/spring-context-3.0.xsd, http://www.springframework.org/schema/jdbc/spring-jdbc-4.0.xsd=org/springframework/jdbc/config/spring-jdbc-4.0.xsd, http://www.springframework.org/schema/mvc/spring-mvc-4.0.xsd=org/springframework/web/servlet/config/spring-mvc-4.0.xsd, http://www.springframework.org/schema/util/spring-util-2.5.xsd=org/springframework/beans/factory/xml/spring-util-2.5.xsd, http://www.springframework.org/schema/beans/spring-beans-3.2.xsd=org/springframework/beans/factory/xml/spring-beans-3.2.xsd, http://www.springframework.org/schema/aop/spring-aop-3.1.xsd=org/springframework/aop/config/spring-aop-3.1.xsd, http://www.springframework.org/schema/lang/spring-lang-4.0.xsd=org/springframework/scripting/config/spring-lang-4.0.xsd, http://www.springframework.org/schema/mvc/spring-mvc.xsd=org/springframework/web/servlet/config/spring-mvc-4.2.xsd, http://www.springframework.org/schema/mvc/spring-mvc-3.1.xsd=org/springframework/web/servlet/config/spring-mvc-3.1.xsd, http://www.springframework.org/schema/beans/spring-beans-4.1.xsd=org/springframework/beans/factory/xml/spring-beans-4.1.xsd, http://www.springframework.org/schema/tool/spring-tool-4.0.xsd=org/springframework/beans/factory/xml/spring-tool-4.0.xsd, http://www.springframework.org/schema/tx/spring-tx-3.2.xsd=org/springframework/transaction/config/spring-tx-3.2.xsd, http://www.springframework.org/schema/lang/spring-lang-3.1.xsd=org/springframework/scripting/config/spring-lang-3.1.xsd, http://www.springframework.org/schema/cache/spring-cache-3.1.xsd=org/springframework/cache/config/spring-cache-3.1.xsd, http://www.springframework.org/schema/jee/spring-jee-4.0.xsd=org/springframework/ejb/config/spring-jee-4.0.xsd, http://www.springframework.org/schema/jdbc/spring-jdbc-3.0.xsd=org/springframework/jdbc/config/spring-jdbc-3.0.xsd, http://www.springframework.org/schema/task/spring-task-4.1.xsd=org/springframework/scheduling/config/spring-task-4.1.xsd, http://www.springframework.org/schema/jdbc/spring-jdbc.xsd=org/springframework/jdbc/config/spring-jdbc-4.2.xsd, http://www.springframework.org/schema/tool/spring-tool-3.1.xsd=org/springframework/beans/factory/xml/spring-tool-3.1.xsd, http://www.springframework.org/schema/tx/spring-tx-4.1.xsd=org/springframework/transaction/config/spring-tx-4.1.xsd, http://www.springframework.org/schema/cache/spring-cache-4.0.xsd=org/springframework/cache/config/spring-cache-4.0.xsd, http://www.springframework.org/schema/jee/spring-jee-3.1.xsd=org/springframework/ejb/config/spring-jee-3.1.xsd, http://www.springframework.org/schema/task/spring-task-3.2.xsd=org/springframework/scheduling/config/spring-task-3.2.xsd, http://www.springframework.org/schema/util/spring-util-4.2.xsd=org/springframework/beans/factory/xml/spring-util-4.2.xsd, http://www.springframework.org/schema/beans/spring-beans-3.1.xsd=org/springframework/beans/factory/xml/spring-beans-3.1.xsd, http://www.springframework.org/schema/util/spring-util.xsd=org/springframework/beans/factory/xml/spring-util-4.2.xsd, http://www.springframework.org/schema/aop/spring-aop-3.0.xsd=org/springframework/aop/config/spring-aop-3.0.xsd, http://www.springframework.org/schema/mvc/spring-mvc-3.0.xsd=org/springframework/web/servlet/config/spring-mvc-3.0.xsd, http://www.springframework.org/schema/beans/spring-beans-4.0.xsd=org/springframework/beans/factory/xml/spring-beans-4.0.xsd, http://www.springframework.org/schema/beans/spring-beans.xsd=org/springframework/beans/factory/xml/spring-beans-4.2.xsd, http://mybatis.org/schema/mybatis-spring.xsd=org/mybatis/spring/config/mybatis-spring-1.2.xsd, http://www.springframework.org/schema/tx/spring-tx-3.1.xsd=org/springframework/transaction/config/spring-tx-3.1.xsd, http://www.springframework.org/schema/lang/spring-lang-3.0.xsd=org/springframework/scripting/config/spring-lang-3.0.xsd, http://www.springframework.org/schema/context/spring-context-2.5.xsd=org/springframework/context/config/spring-context-2.5.xsd, http://www.springframework.org/schema/task/spring-task-4.0.xsd=org/springframework/scheduling/config/spring-task-4.0.xsd, http://www.springframework.org/schema/tool/spring-tool-3.0.xsd=org/springframework/beans/factory/xml/spring-tool-3.0.xsd, http://www.springframework.org/schema/tx/spring-tx-4.0.xsd=org/springframework/transaction/config/spring-tx-4.0.xsd, http://www.springframework.org/schema/aop/spring-aop-2.0.xsd=org/springframework/aop/config/spring-aop-2.0.xsd, http://www.springframework.org/schema/jee/spring-jee-3.0.xsd=org/springframework/ejb/config/spring-jee-3.0.xsd, http://www.springframework.org/schema/util/spring-util-4.1.xsd=org/springframework/beans/factory/xml/spring-util-4.1.xsd, http://www.springframework.org/schema/task/spring-task-3.1.xsd=org/springframework/scheduling/config/spring-task-3.1.xsd, http://www.springframework.org/schema/beans/spring-beans-3.0.xsd=org/springframework/beans/factory/xml/spring-beans-3.0.xsd, http://www.springframework.org/schema/jee/spring-jee.xsd=org/springframework/ejb/config/spring-jee-4.2.xsd, http://www.springframework.org/schema/aop/spring-aop-2.5.xsd=org/springframework/aop/config/spring-aop-2.5.xsd, http://www.springframework.org/schema/lang/spring-lang-2.0.xsd=org/springframework/scripting/config/spring-lang-2.0.xsd, http://www.springframework.org/schema/util/spring-util-3.2.xsd=org/springframework/beans/factory/xml/spring-util-3.2.xsd, http://www.springframework.org/schema/task/spring-task.xsd=org/springframework/scheduling/config/spring-task-4.2.xsd, http://www.springframework.org/schema/tool/spring-tool-2.0.xsd=org/springframework/beans/factory/xml/spring-tool-2.0.xsd, http://www.springframework.org/schema/tx/spring-tx-3.0.xsd=org/springframework/transaction/config/spring-tx-3.0.xsd, http://www.springframework.org/schema/lang/spring-lang-2.5.xsd=org/springframework/scripting/config/spring-lang-2.5.xsd, http://www.springframework.org/schema/context/spring-context-4.2.xsd=org/springframework/context/config/spring-context-4.2.xsd, http://www.springframework.org/schema/jee/spring-jee-2.0.xsd=org/springframework/ejb/config/spring-jee-2.0.xsd, http://www.springframework.org/schema/tool/spring-tool-2.5.xsd=org/springframework/beans/factory/xml/spring-tool-2.5.xsd, http://www.springframework.org/schema/jee/spring-jee-2.5.xsd=org/springframework/ejb/config/spring-jee-2.5.xsd, http://www.springframework.org/schema/util/spring-util-4.0.xsd=org/springframework/beans/factory/xml/spring-util-4.0.xsd, http://www.springframework.org/schema/task/spring-task-3.0.xsd=org/springframework/scheduling/config/spring-task-3.0.xsd, http://www.springframework.org/schema/aop/spring-aop-4.2.xsd=org/springframework/aop/config/spring-aop-4.2.xsd, http://www.springframework.org/schema/lang/spring-lang.xsd=org/springframework/scripting/config/spring-lang-4.2.xsd, http://www.springframework.org/schema/context/spring-context-3.2.xsd=org/springframework/context/config/spring-context-3.2.xsd, http://www.springframework.org/schema/jdbc/spring-jdbc-4.2.xsd=org/springframework/jdbc/config/spring-jdbc-4.2.xsd, http://www.springframework.org/schema/mvc/spring-mvc-4.2.xsd=org/springframework/web/servlet/config/spring-mvc-4.2.xsd, http://www.springframework.org/schema/util/spring-util-3.1.xsd=org/springframework/beans/factory/xml/spring-util-3.1.xsd, http://www.springframework.org/schema/beans/spring-beans-2.0.xsd=org/springframework/beans/factory/xml/spring-beans-2.0.xsd, http://www.springframework.org/schema/cache/spring-cache.xsd=org/springframework/cache/config/spring-cache-4.2.xsd, http://www.springframework.org/schema/tx/spring-tx.xsd=org/springframework/transaction/config/spring-tx-4.2.xsd, http://www.springframework.org/schema/lang/spring-lang-4.2.xsd=org/springframework/scripting/config/spring-lang-4.2.xsd, http://www.springframework.org/schema/context/spring-context-4.1.xsd=org/springframework/context/config/spring-context-4.1.xsd, http://www.springframework.org/schema/beans/spring-beans-2.5.xsd=org/springframework/beans/factory/xml/spring-beans-2.5.xsd, http://www.springframework.org/schema/tool/spring-tool-4.2.xsd=org/springframework/beans/factory/xml/spring-tool-4.2.xsd, http://www.springframework.org/schema/tx/spring-tx-2.0.xsd=org/springframework/transaction/config/spring-tx-2.0.xsd, http://www.springframework.org/schema/jee/spring-jee-4.2.xsd=org/springframework/ejb/config/spring-jee-4.2.xsd, http://www.springframework.org/schema/jdbc/spring-jdbc-3.2.xsd=org/springframework/jdbc/config/spring-jdbc-3.2.xsd, http://www.springframework.org/schema/aop/spring-aop.xsd=org/springframework/aop/config/spring-aop-4.2.xsd}
2018-06-02 12:49:05,770 -[DEBUG]  method:[org.springframework.beans.factory.xml.PluggableSchemaResolver (190ms)] - Found XML schema [http://www.springframework.org/schema/beans/spring-beans-4.0.xsd] in classpath: org/springframework/beans/factory/xml/spring-beans-4.0.xsd
2018-06-02 12:49:05,800 -[DEBUG]  method:[org.springframework.beans.factory.xml.PluggableSchemaResolver (220ms)] - Found XML schema [http://www.springframework.org/schema/context/spring-context-4.0.xsd] in classpath: org/springframework/context/config/spring-context-4.0.xsd
2018-06-02 12:49:05,810 -[DEBUG]  method:[org.springframework.beans.factory.xml.PluggableSchemaResolver (230ms)] - Found XML schema [http://www.springframework.org/schema/tool/spring-tool-4.0.xsd] in classpath: org/springframework/beans/factory/xml/spring-tool-4.0.xsd
2018-06-02 12:49:05,820 -[DEBUG]  method:[org.springframework.beans.factory.xml.DefaultBeanDefinitionDocumentReader (240ms)] - Loading bean definitions
2018-06-02 12:49:05,830 -[DEBUG]  method:[org.springframework.beans.factory.xml.DefaultNamespaceHandlerResolver (250ms)] - Loaded NamespaceHandler mappings: {http://www.springframework.org/schema/p=org.springframework.beans.factory.xml.SimplePropertyNamespaceHandler, http://www.springframework.org/schema/mvc=org.springframework.web.servlet.config.MvcNamespaceHandler, http://www.springframework.org/schema/util=org.springframework.beans.factory.xml.UtilNamespaceHandler, http://www.springframework.org/schema/jee=org.springframework.ejb.config.JeeNamespaceHandler, http://www.springframework.org/schema/aop=org.springframework.aop.config.AopNamespaceHandler, http://www.springframework.org/schema/jdbc=org.springframework.jdbc.config.JdbcNamespaceHandler, http://www.springframework.org/schema/cache=org.springframework.cache.config.CacheNamespaceHandler, http://mybatis.org/schema/mybatis-spring=org.mybatis.spring.config.NamespaceHandler, http://www.springframework.org/schema/c=org.springframework.beans.factory.xml.SimpleConstructorNamespaceHandler, http://www.springframework.org/schema/tx=org.springframework.transaction.config.TxNamespaceHandler, http://www.springframework.org/schema/task=org.springframework.scheduling.config.TaskNamespaceHandler, http://www.springframework.org/schema/lang=org.springframework.scripting.config.LangNamespaceHandler, http://www.springframework.org/schema/context=org.springframework.context.config.ContextNamespaceHandler}
2018-06-02 12:49:05,840 -[DEBUG]  method:[org.springframework.beans.factory.xml.XmlBeanDefinitionReader (260ms)] - Loaded 1 bean definitions from location pattern [classpath:applicationContext-dao.xml]
2018-06-02 12:49:05,870 -[INFO]  method:[org.springframework.context.support.GenericApplicationContext (290ms)] - Refreshing org.springframework.context.support.GenericApplicationContext@cd2dae5: startup date [Sat Jun 02 12:49:05 GMT+08:00 2018]; root of context hierarchy
2018-06-02 12:49:05,880 -[DEBUG]  method:[org.springframework.context.support.GenericApplicationContext (300ms)] - Bean factory for org.springframework.context.support.GenericApplicationContext@cd2dae5: org.springframework.beans.factory.support.DefaultListableBeanFactory@6ee12bac: defining beans [org.springframework.context.support.PropertySourcesPlaceholderConfigurer#0,org.springframework.context.annotation.internalConfigurationAnnotationProcessor,org.springframework.context.annotation.internalAutowiredAnnotationProcessor,org.springframework.context.annotation.internalRequiredAnnotationProcessor,org.springframework.context.annotation.internalCommonAnnotationProcessor,org.springframework.context.event.internalEventListenerProcessor,org.springframework.context.event.internalEventListenerFactory]; root of factory hierarchy
2018-06-02 12:49:05,900 -[DEBUG]  method:[org.springframework.beans.factory.support.DefaultListableBeanFactory (320ms)] - Creating shared instance of singleton bean &apos;org.springframework.context.annotation.internalConfigurationAnnotationProcessor&apos;
2018-06-02 12:49:05,900 -[DEBUG]  method:[org.springframework.beans.factory.support.DefaultListableBeanFactory (320ms)] - Creating instance of bean &apos;org.springframework.context.annotation.internalConfigurationAnnotationProcessor&apos;
2018-06-02 12:49:05,938 -[DEBUG]  method:[org.springframework.beans.factory.support.DefaultListableBeanFactory (358ms)] - Eagerly caching bean &apos;org.springframework.context.annotation.internalConfigurationAnnotationProcessor&apos; to allow for resolving potential circular references
2018-06-02 12:49:05,941 -[DEBUG]  method:[org.springframework.beans.factory.support.DefaultListableBeanFactory (361ms)] - Finished creating instance of bean &apos;org.springframework.context.annotation.internalConfigurationAnnotationProcessor&apos;
2018-06-02 12:49:06,009 -[DEBUG]  method:[org.springframework.beans.factory.support.DefaultListableBeanFactory (429ms)] - Creating shared instance of singleton bean &apos;org.springframework.context.support.PropertySourcesPlaceholderConfigurer#0&apos;
2018-06-02 12:49:06,010 -[DEBUG]  method:[org.springframework.beans.factory.support.DefaultListableBeanFactory (430ms)] - Creating instance of bean &apos;org.springframework.context.support.PropertySourcesPlaceholderConfigurer#0&apos;
2018-06-02 12:49:06,012 -[DEBUG]  method:[org.springframework.beans.factory.support.DefaultListableBeanFactory (432ms)] - Eagerly caching bean &apos;org.springframework.context.support.PropertySourcesPlaceholderConfigurer#0&apos; to allow for resolving potential circular references
2018-06-02 12:49:06,069 -[DEBUG]  method:[org.springframework.beans.factory.support.DefaultListableBeanFactory (489ms)] - Finished creating instance of bean &apos;org.springframework.context.support.PropertySourcesPlaceholderConfigurer#0&apos;
2018-06-02 12:49:06,079 -[DEBUG]  method:[org.springframework.core.env.MutablePropertySources (499ms)] - Adding [environmentProperties] PropertySource with lowest search precedence
2018-06-02 12:49:06,079 -[INFO]  method:[org.springframework.context.support.PropertySourcesPlaceholderConfigurer (499ms)] - Loading properties file from class path resource [jdbc.properties]
2018-06-02 12:49:06,079 -[DEBUG]  method:[org.springframework.core.env.MutablePropertySources (499ms)] - Adding [localProperties] PropertySource with lowest search precedence
2018-06-02 12:49:06,079 -[DEBUG]  method:[org.springframework.beans.factory.support.DefaultListableBeanFactory (499ms)] - Creating shared instance of singleton bean &apos;org.springframework.context.annotation.internalAutowiredAnnotationProcessor&apos;
2018-06-02 12:49:06,089 -[DEBUG]  method:[org.springframework.beans.factory.support.DefaultListableBeanFactory (509ms)] - Creating instance of bean &apos;org.springframework.context.annotation.internalAutowiredAnnotationProcessor&apos;
2018-06-02 12:49:06,089 -[DEBUG]  method:[org.springframework.beans.factory.support.DefaultListableBeanFactory (509ms)] - Eagerly caching bean &apos;org.springframework.context.annotation.internalAutowiredAnnotationProcessor&apos; to allow for resolving potential circular references
2018-06-02 12:49:06,089 -[DEBUG]  method:[org.springframework.beans.factory.support.DefaultListableBeanFactory (509ms)] - Finished creating instance of bean &apos;org.springframework.context.annotation.internalAutowiredAnnotationProcessor&apos;
2018-06-02 12:49:06,089 -[DEBUG]  method:[org.springframework.beans.factory.support.DefaultListableBeanFactory (509ms)] - Creating shared instance of singleton bean &apos;org.springframework.context.annotation.internalRequiredAnnotationProcessor&apos;
2018-06-02 12:49:06,089 -[DEBUG]  method:[org.springframework.beans.factory.support.DefaultListableBeanFactory (509ms)] - Creating instance of bean &apos;org.springframework.context.annotation.internalRequiredAnnotationProcessor&apos;
2018-06-02 12:49:06,089 -[DEBUG]  method:[org.springframework.beans.factory.support.DefaultListableBeanFactory (509ms)] - Eagerly caching bean &apos;org.springframework.context.annotation.internalRequiredAnnotationProcessor&apos; to allow for resolving potential circular references
2018-06-02 12:49:06,089 -[DEBUG]  method:[org.springframework.beans.factory.support.DefaultListableBeanFactory (509ms)] - Finished creating instance of bean &apos;org.springframework.context.annotation.internalRequiredAnnotationProcessor&apos;
2018-06-02 12:49:06,089 -[DEBUG]  method:[org.springframework.beans.factory.support.DefaultListableBeanFactory (509ms)] - Creating shared instance of singleton bean &apos;org.springframework.context.annotation.internalCommonAnnotationProcessor&apos;
2018-06-02 12:49:06,089 -[DEBUG]  method:[org.springframework.beans.factory.support.DefaultListableBeanFactory (509ms)] - Creating instance of bean &apos;org.springframework.context.annotation.internalCommonAnnotationProcessor&apos;
2018-06-02 12:49:06,089 -[DEBUG]  method:[org.springframework.beans.factory.support.DefaultListableBeanFactory (509ms)] - Eagerly caching bean &apos;org.springframework.context.annotation.internalCommonAnnotationProcessor&apos; to allow for resolving potential circular references
2018-06-02 12:49:06,089 -[DEBUG]  method:[org.springframework.beans.factory.support.DefaultListableBeanFactory (509ms)] - Finished creating instance of bean &apos;org.springframework.context.annotation.internalCommonAnnotationProcessor&apos;
2018-06-02 12:49:06,089 -[DEBUG]  method:[org.springframework.beans.factory.support.DefaultListableBeanFactory (509ms)] - Creating shared instance of singleton bean &apos;org.springframework.context.annotation.ConfigurationClassPostProcessor.importAwareProcessor&apos;
2018-06-02 12:49:06,089 -[DEBUG]  method:[org.springframework.beans.factory.support.DefaultListableBeanFactory (509ms)] - Creating instance of bean &apos;org.springframework.context.annotation.ConfigurationClassPostProcessor.importAwareProcessor&apos;
2018-06-02 12:49:06,099 -[DEBUG]  method:[org.springframework.beans.factory.support.DefaultListableBeanFactory (519ms)] - Eagerly caching bean &apos;org.springframework.context.annotation.ConfigurationClassPostProcessor.importAwareProcessor&apos; to allow for resolving potential circular references
2018-06-02 12:49:06,099 -[DEBUG]  method:[org.springframework.beans.factory.support.DefaultListableBeanFactory (519ms)] - Finished creating instance of bean &apos;org.springframework.context.annotation.ConfigurationClassPostProcessor.importAwareProcessor&apos;
2018-06-02 12:49:06,099 -[DEBUG]  method:[org.springframework.beans.factory.support.DefaultListableBeanFactory (519ms)] - Creating shared instance of singleton bean &apos;org.springframework.context.annotation.ConfigurationClassPostProcessor.enhancedConfigurationProcessor&apos;
2018-06-02 12:49:06,099 -[DEBUG]  method:[org.springframework.beans.factory.support.DefaultListableBeanFactory (519ms)] - Creating instance of bean &apos;org.springframework.context.annotation.ConfigurationClassPostProcessor.enhancedConfigurationProcessor&apos;
2018-06-02 12:49:06,099 -[DEBUG]  method:[org.springframework.beans.factory.support.DefaultListableBeanFactory (519ms)] - Eagerly caching bean &apos;org.springframework.context.annotation.ConfigurationClassPostProcessor.enhancedConfigurationProcessor&apos; to allow for resolving potential circular references
2018-06-02 12:49:06,099 -[DEBUG]  method:[org.springframework.beans.factory.support.DefaultListableBeanFactory (519ms)] - Finished creating instance of bean &apos;org.springframework.context.annotation.ConfigurationClassPostProcessor.enhancedConfigurationProcessor&apos;
2018-06-02 12:49:06,119 -[DEBUG]  method:[org.springframework.context.support.GenericApplicationContext (539ms)] - Unable to locate MessageSource with name &apos;messageSource&apos;: using default [org.springframework.context.support.DelegatingMessageSource@3c419631]
2018-06-02 12:49:06,119 -[DEBUG]  method:[org.springframework.context.support.GenericApplicationContext (539ms)] - Unable to locate ApplicationEventMulticaster with name &apos;applicationEventMulticaster&apos;: using default [org.springframework.context.event.SimpleApplicationEventMulticaster@3e92efc3]
2018-06-02 12:49:06,129 -[DEBUG]  method:[org.springframework.beans.factory.support.DefaultListableBeanFactory (549ms)] - Pre-instantiating singletons in org.springframework.beans.factory.support.DefaultListableBeanFactory@6ee12bac: defining beans [org.springframework.context.support.PropertySourcesPlaceholderConfigurer#0,org.springframework.context.annotation.internalConfigurationAnnotationProcessor,org.springframework.context.annotation.internalAutowiredAnnotationProcessor,org.springframework.context.annotation.internalRequiredAnnotationProcessor,org.springframework.context.annotation.internalCommonAnnotationProcessor,org.springframework.context.event.internalEventListenerProcessor,org.springframework.context.event.internalEventListenerFactory,org.springframework.context.annotation.ConfigurationClassPostProcessor.importAwareProcessor,org.springframework.context.annotation.ConfigurationClassPostProcessor.enhancedConfigurationProcessor]; root of factory hierarchy
2018-06-02 12:49:06,129 -[DEBUG]  method:[org.springframework.beans.factory.support.DefaultListableBeanFactory (549ms)] - Returning cached instance of singleton bean &apos;org.springframework.context.support.PropertySourcesPlaceholderConfigurer#0&apos;
2018-06-02 12:49:06,129 -[DEBUG]  method:[org.springframework.beans.factory.support.DefaultListableBeanFactory (549ms)] - Returning cached instance of singleton bean &apos;org.springframework.context.annotation.internalConfigurationAnnotationProcessor&apos;
2018-06-02 12:49:06,129 -[DEBUG]  method:[org.springframework.beans.factory.support.DefaultListableBeanFactory (549ms)] - Returning cached instance of singleton bean &apos;org.springframework.context.annotation.internalAutowiredAnnotationProcessor&apos;
2018-06-02 12:49:06,129 -[DEBUG]  method:[org.springframework.beans.factory.support.DefaultListableBeanFactory (549ms)] - Returning cached instance of singleton bean &apos;org.springframework.context.annotation.internalRequiredAnnotationProcessor&apos;
2018-06-02 12:49:06,129 -[DEBUG]  method:[org.springframework.beans.factory.support.DefaultListableBeanFactory (549ms)] - Returning cached instance of singleton bean &apos;org.springframework.context.annotation.internalCommonAnnotationProcessor&apos;
2018-06-02 12:49:06,129 -[DEBUG]  method:[org.springframework.beans.factory.support.DefaultListableBeanFactory (549ms)] - Creating shared instance of singleton bean &apos;org.springframework.context.event.internalEventListenerProcessor&apos;
2018-06-02 12:49:06,129 -[DEBUG]  method:[org.springframework.beans.factory.support.DefaultListableBeanFactory (549ms)] - Creating instance of bean &apos;org.springframework.context.event.internalEventListenerProcessor&apos;
2018-06-02 12:49:06,139 -[DEBUG]  method:[org.springframework.beans.factory.support.DefaultListableBeanFactory (559ms)] - Eagerly caching bean &apos;org.springframework.context.event.internalEventListenerProcessor&apos; to allow for resolving potential circular references
2018-06-02 12:49:06,149 -[DEBUG]  method:[org.springframework.beans.factory.support.DefaultListableBeanFactory (569ms)] - Finished creating instance of bean &apos;org.springframework.context.event.internalEventListenerProcessor&apos;
2018-06-02 12:49:06,149 -[DEBUG]  method:[org.springframework.beans.factory.support.DefaultListableBeanFactory (569ms)] - Creating shared instance of singleton bean &apos;org.springframework.context.event.internalEventListenerFactory&apos;
2018-06-02 12:49:06,149 -[DEBUG]  method:[org.springframework.beans.factory.support.DefaultListableBeanFactory (569ms)] - Creating instance of bean &apos;org.springframework.context.event.internalEventListenerFactory&apos;
2018-06-02 12:49:06,149 -[DEBUG]  method:[org.springframework.beans.factory.support.DefaultListableBeanFactory (569ms)] - Eagerly caching bean &apos;org.springframework.context.event.internalEventListenerFactory&apos; to allow for resolving potential circular references
2018-06-02 12:49:06,159 -[DEBUG]  method:[org.springframework.beans.factory.support.DefaultListableBeanFactory (579ms)] - Finished creating instance of bean &apos;org.springframework.context.event.internalEventListenerFactory&apos;
2018-06-02 12:49:06,159 -[DEBUG]  method:[org.springframework.beans.factory.support.DefaultListableBeanFactory (579ms)] - Returning cached instance of singleton bean &apos;org.springframework.context.annotation.ConfigurationClassPostProcessor.importAwareProcessor&apos;
2018-06-02 12:49:06,159 -[DEBUG]  method:[org.springframework.beans.factory.support.DefaultListableBeanFactory (579ms)] - Returning cached instance of singleton bean &apos;org.springframework.context.annotation.ConfigurationClassPostProcessor.enhancedConfigurationProcessor&apos;
2018-06-02 12:49:06,159 -[DEBUG]  method:[org.springframework.beans.factory.support.DefaultListableBeanFactory (579ms)] - Returning cached instance of singleton bean &apos;org.springframework.context.event.internalEventListenerFactory&apos;
2018-06-02 12:49:06,199 -[DEBUG]  method:[org.springframework.context.support.GenericApplicationContext (619ms)] - Unable to locate LifecycleProcessor with name &apos;lifecycleProcessor&apos;: using default [org.springframework.context.support.DefaultLifecycleProcessor@130161f7]
2018-06-02 12:49:06,199 -[DEBUG]  method:[org.springframework.beans.factory.support.DefaultListableBeanFactory (619ms)] - Returning cached instance of singleton bean &apos;lifecycleProcessor&apos;
2018-06-02 12:49:06,199 -[DEBUG]  method:[org.springframework.core.env.PropertySourcesPropertyResolver (619ms)] - Searching for key &apos;spring.liveBeansView.mbeanDomain&apos; in [systemProperties]
2018-06-02 12:49:06,209 -[DEBUG]  method:[org.springframework.core.env.PropertySourcesPropertyResolver (629ms)] - Searching for key &apos;spring.liveBeansView.mbeanDomain&apos; in [systemEnvironment]
2018-06-02 12:49:06,209 -[DEBUG]  method:[org.springframework.core.env.PropertySourcesPropertyResolver (629ms)] - Could not find key &apos;spring.liveBeansView.mbeanDomain&apos; in any property source. Returning [null]
2018-06-02 12:49:06,209 -[DEBUG]  method:[org.springframework.test.context.cache.DefaultCacheAwareContextLoaderDelegate (629ms)] - Storing ApplicationContext in cache under key [[MergedContextConfiguration@2ac273d3 testClass = MybatisMapperTest, locations = &apos;{classpath:applicationContext-dao.xml}&apos;, classes = &apos;{}&apos;, contextInitializerClasses = &apos;[]&apos;, activeProfiles = &apos;{}&apos;, propertySourceLocations = &apos;{}&apos;, propertySourceProperties = &apos;{}&apos;, contextLoader = &apos;org.springframework.test.context.support.DelegatingSmartContextLoader&apos;, parent = [null]]]
2018-06-02 12:49:06,209 -[DEBUG]  method:[org.springframework.test.context.cache (629ms)] - Spring test ApplicationContext cache statistics: [DefaultContextCache@1ea9f6af size = 1, parentContextCount = 0, hitCount = 0, missCount = 1]
2018-06-02 12:49:06,209 -[DEBUG]  method:[org.springframework.beans.factory.annotation.InjectionMetadata (629ms)] - Processing injected element of bean &apos;com.gs.leaf.MybatisMapperTest&apos;: AutowiredFieldElement for private com.gs.leaf.mapper.UserMapper com.gs.leaf.MybatisMapperTest.userMapper
2018-06-02 12:49:06,219 -[ERROR]  method:[org.springframework.test.context.TestContextManager (639ms)] - Caught exception while allowing TestExecutionListener [org.springframework.test.context.support.DependencyInjectionTestExecutionListener@64bf3bbf] to prepare test instance [com.gs.leaf.MybatisMapperTest@6536e911]
org.springframework.beans.factory.BeanCreationException: Error creating bean with name &apos;com.gs.leaf.MybatisMapperTest&apos;: Injection of autowired dependencies failed; nested exception is org.springframework.beans.factory.BeanCreationException: Could not autowire field: private com.gs.leaf.mapper.UserMapper com.gs.leaf.MybatisMapperTest.userMapper; nested exception is org.springframework.beans.factory.NoSuchBeanDefinitionException: No qualifying bean of type [com.gs.leaf.mapper.UserMapper] found for dependency: expected at least 1 bean which qualifies as autowire candidate for this dependency. Dependency annotations: {@org.springframework.beans.factory.annotation.Autowired(required=true)}
	at org.springframework.beans.factory.annotation.AutowiredAnnotationBeanPostProcessor.postProcessPropertyValues(AutowiredAnnotationBeanPostProcessor.java:334)
	at org.springframework.beans.factory.support.AbstractAutowireCapableBeanFactory.populateBean(AbstractAutowireCapableBeanFactory.java:1214)
	at org.springframework.beans.factory.support.AbstractAutowireCapableBeanFactory.autowireBeanProperties(AbstractAutowireCapableBeanFactory.java:385)
	at org.springframework.test.context.support.DependencyInjectionTestExecutionListener.injectDependencies(DependencyInjectionTestExecutionListener.java:118)
	at org.springframework.test.context.support.DependencyInjectionTestExecutionListener.prepareTestInstance(DependencyInjectionTestExecutionListener.java:83)
	at org.springframework.test.context.TestContextManager.prepareTestInstance(TestContextManager.java:228)
	at org.springframework.test.context.junit4.SpringJUnit4ClassRunner.createTest(SpringJUnit4ClassRunner.java:230)
	at org.springframework.test.context.junit4.SpringJUnit4ClassRunner$1.runReflectiveCall(SpringJUnit4ClassRunner.java:289)
	at org.junit.internal.runners.model.ReflectiveCallable.run(ReflectiveCallable.java:12)
	at org.springframework.test.context.junit4.SpringJUnit4ClassRunner.methodBlock(SpringJUnit4ClassRunner.java:291)
	at org.springframework.test.context.junit4.SpringJUnit4ClassRunner.runChild(SpringJUnit4ClassRunner.java:249)
	at org.springframework.test.context.junit4.SpringJUnit4ClassRunner.runChild(SpringJUnit4ClassRunner.java:89)
	at org.junit.runners.ParentRunner$3.run(ParentRunner.java:290)
	at org.junit.runners.ParentRunner$1.schedule(ParentRunner.java:71)
	at org.junit.runners.ParentRunner.runChildren(ParentRunner.java:288)
	at org.junit.runners.ParentRunner.access$000(ParentRunner.java:58)
	at org.junit.runners.ParentRunner$2.evaluate(ParentRunner.java:268)
	at org.springframework.test.context.junit4.statements.RunBeforeTestClassCallbacks.evaluate(RunBeforeTestClassCallbacks.java:61)
	at org.springframework.test.context.junit4.statements.RunAfterTestClassCallbacks.evaluate(RunAfterTestClassCallbacks.java:70)
	at org.junit.runners.ParentRunner.run(ParentRunner.java:363)
	at org.springframework.test.context.junit4.SpringJUnit4ClassRunner.run(SpringJUnit4ClassRunner.java:193)
	at org.apache.maven.surefire.junit4.JUnit4Provider.execute(JUnit4Provider.java:252)
	at org.apache.maven.surefire.junit4.JUnit4Provider.executeTestSet(JUnit4Provider.java:141)
	at org.apache.maven.surefire.junit4.JUnit4Provider.invoke(JUnit4Provider.java:112)
	at sun.reflect.NativeMethodAccessorImpl.invoke0(Native Method)
	at sun.reflect.NativeMethodAccessorImpl.invoke(NativeMethodAccessorImpl.java:62)
	at sun.reflect.DelegatingMethodAccessorImpl.invoke(DelegatingMethodAccessorImpl.java:43)
	at java.lang.reflect.Method.invoke(Method.java:498)
	at org.apache.maven.surefire.util.ReflectionUtils.invokeMethodWithArray(ReflectionUtils.java:189)
	at org.apache.maven.surefire.booter.ProviderFactory$ProviderProxy.invoke(ProviderFactory.java:165)
	at org.apache.maven.surefire.booter.ProviderFactory.invokeProvider(ProviderFactory.java:85)
	at org.apache.maven.surefire.booter.ForkedBooter.runSuitesInProcess(ForkedBooter.java:115)
	at org.apache.maven.surefire.booter.ForkedBooter.main(ForkedBooter.java:75)
Caused by: org.springframework.beans.factory.BeanCreationException: Could not autowire field: private com.gs.leaf.mapper.UserMapper com.gs.leaf.MybatisMapperTest.userMapper; nested exception is org.springframework.beans.factory.NoSuchBeanDefinitionException: No qualifying bean of type [com.gs.leaf.mapper.UserMapper] found for dependency: expected at least 1 bean which qualifies as autowire candidate for this dependency. Dependency annotations: {@org.springframework.beans.factory.annotation.Autowired(required=true)}
	at org.springframework.beans.factory.annotation.AutowiredAnnotationBeanPostProcessor$AutowiredFieldElement.inject(AutowiredAnnotationBeanPostProcessor.java:573)
	at org.springframework.beans.factory.annotation.InjectionMetadata.inject(InjectionMetadata.java:88)
	at org.springframework.beans.factory.annotation.AutowiredAnnotationBeanPostProcessor.postProcessPropertyValues(AutowiredAnnotationBeanPostProcessor.java:331)
	... 32 more
Caused by: org.springframework.beans.factory.NoSuchBeanDefinitionException: No qualifying bean of type [com.gs.leaf.mapper.UserMapper] found for dependency: expected at least 1 bean which qualifies as autowire candidate for this dependency. Dependency annotations: {@org.springframework.beans.factory.annotation.Autowired(required=true)}
	at org.springframework.beans.factory.support.DefaultListableBeanFactory.raiseNoSuchBeanDefinitionException(DefaultListableBeanFactory.java:1373)
	at org.springframework.beans.factory.support.DefaultListableBeanFactory.doResolveDependency(DefaultListableBeanFactory.java:1119)
	at org.springframework.beans.factory.support.DefaultListableBeanFactory.resolveDependency(DefaultListableBeanFactory.java:1014)
	at org.springframework.beans.factory.annotation.AutowiredAnnotationBeanPostProcessor$AutowiredFieldElement.inject(AutowiredAnnotationBeanPostProcessor.java:545)
	... 34 more
</system-out>
    <system-err>log4j:WARN No such property [maxFileSize] in org.apache.log4j.DailyRollingFileAppender.
log4j:WARN No such property [maxBackupIndex] in org.apache.log4j.DailyRollingFileAppender.
</system-err>
  </testcase>
</testsuite>